2023-09-19 23:24:06
User_id: 0
Error: E_NOTICE
URL: http://localhost/whisprrz_new/administration/template.php?part=administration
File: D:\SERVICE\xampp\htdocs\whisprrz_new\_include\current\common_admin.php
Line: 450
Message: Undefined variable: mobile

Call stack:

File: D:\SERVICE\xampp\htdocs\whisprrz_new\_include\lib\block.php (Line: 296)
Class: CAdminHeader
Function: parseBlock

File: D:\SERVICE\xampp\htdocs\whisprrz_new\_include\lib\block.php (Line: 279)
Class: CHtmlBlock
Function: parse

File: D:\SERVICE\xampp\htdocs\whisprrz_new\_include\core\main_close.php (Line: 19)
Class: CHtmlBlock
Function: parse

File: D:\SERVICE\xampp\htdocs\whisprrz_new\_include\core\administration_close.php (Line: 10)
Function: include

File: D:\SERVICE\xampp\htdocs\whisprrz_new\administration\template.php (Line: 257)
Function: include

---------

2023-09-19 23:27:09
User_id: 0
Error: E_WARNING
URL: http://localhost/whisprrz_new/administration/template.php?part=mobile
File: D:\SERVICE\xampp\htdocs\whisprrz_new\_include\current\common_admin.php
Line: 438
Message: Use of undefined constant console - assumed 'console' (this will throw an Error in a future version of PHP)

Call stack:

File: D:\SERVICE\xampp\htdocs\whisprrz_new\_include\lib\block.php (Line: 296)
Class: CAdminHeader
Function: parseBlock

File: D:\SERVICE\xampp\htdocs\whisprrz_new\_include\lib\block.php (Line: 279)
Class: CHtmlBlock
Function: parse

File: D:\SERVICE\xampp\htdocs\whisprrz_new\_include\core\main_close.php (Line: 19)
Class: CHtmlBlock
Function: parse

File: D:\SERVICE\xampp\htdocs\whisprrz_new\_include\core\administration_close.php (Line: 10)
Function: include

File: D:\SERVICE\xampp\htdocs\whisprrz_new\administration\template.php (Line: 257)
Function: include

---------

2023-09-19 23:48:52
User_id: 0
Error: E_WARNING
URL: http://localhost/whisprrz_new/administration/template.php?part=mobile
File: D:\SERVICE\xampp\htdocs\whisprrz_new\_include\current\common.class.php
Line: 2320
Message: Invalid argument supplied for foreach()

Call stack:

File: D:\SERVICE\xampp\htdocs\whisprrz_new\_include\current\common_admin.php (Line: 473)
Class: Common
Function: devCustomJs

File: D:\SERVICE\xampp\htdocs\whisprrz_new\_include\current\common_admin.php (Line: 540)
Class: CAdminHeader
Function: parseBlock

File: D:\SERVICE\xampp\htdocs\whisprrz_new\_include\lib\block.php (Line: 296)
Class: CAdminFooter
Function: parseBlock

File: D:\SERVICE\xampp\htdocs\whisprrz_new\_include\lib\block.php (Line: 279)
Class: CHtmlBlock
Function: parse

File: D:\SERVICE\xampp\htdocs\whisprrz_new\_include\core\main_close.php (Line: 19)
Class: CHtmlBlock
Function: parse

File: D:\SERVICE\xampp\htdocs\whisprrz_new\_include\core\administration_close.php (Line: 10)
Function: include

File: D:\SERVICE\xampp\htdocs\whisprrz_new\administration\template.php (Line: 257)
Function: include

---------

